======================================================================
Sandwich QAT 30L dim=464 + LoRA TTT Evaluation
  dim=464, layers=30, n_heads=8, n_kv=4
  LoRA rank=8, TTT lr=0.01, epochs=2
  Chunk size=256
  Checkpoint: /data/checkpoints/sandwich_qat_30l_dim460/sandwich_qat_30l_dim460_step40000.pt
======================================================================

Loading model from checkpoint...
  Loaded checkpoint from step 40000, val_bpb=1.354574723946443
  Model params: 49.47M

Loading validation data...
  Val tokens: 40.5M

======================================================================
Phase 1: Standard Evaluation (no TTT)
======================================================================
  Pre-TTT BPB: 1.6232

======================================================================
Phase 2: LoRA TTT Evaluation (rank=8, epochs=2)
======================================================================
  LoRA params initialized: 0.46M
  Applied to: Q, V of all 30 attention layers + LM head
  Doc 10/50 | Avg Loss 2.8252 | BPB 1.1106 | Time 33s
  Doc 20/50 | Avg Loss 2.7700 | BPB 1.0889 | Time 64s
  Doc 30/50 | Avg Loss 2.6712 | BPB 1.0501 | Time 95s
  Doc 40/50 | Avg Loss 2.7210 | BPB 1.0696 | Time 126s
  Doc 50/50 | Avg Loss 2.7256 | BPB 1.0715 | Time 157s

======================================================================
RESULTS
======================================================================
  Checkpoint:     step 40000
  Pre-TTT BPB:    1.6232
  Post-TTT BPB:   1.0715
  Improvement:    33.99%
  TTT Time:       157s for 50 documents
  LoRA rank:      8
  TTT epochs:     2
  TTT lr:         0.01
======================================================================

[SAVED] Results: /data/checkpoints/sandwich_qat_30l_dim460/lora_ttt_r8_pre1.6232_post1.0715.json
