✓ Initialized. View run at 
https://modal.com/apps/elarweis/main/ap-vEWEBHUuW7vx5hdflbV4rb
✓ Created objects.
├── 🔨 Created mount 
│   /private/tmp/parameter-golf-solution/modal_progressive_attn.py
└── 🔨 Created function train_progressive_attention.
======================================================================
渐进式 Attention 实验 - 前 3 层只用 MLP
======================================================================
======================================================================
渐进式 Attention 实验
前 3 层: 只有 MLP (无 Attention)
后 8 层: 正常 Attention + MLP
======================================================================

加载数据...
  Train: 500.0M tokens
  Val: 40.5M tokens

模型架构:
  总参数: 22.40M
  前 3 层 (MLP only): 3.12M
  后 8 层 (Full): 12.47M

🚀 开始训练 (5000 steps)...
Step 500/5000 | Loss 4.9607 | LR 9.84e-04 | Time 99s
Step 1000/5000 | Loss 4.4685 | LR 9.19e-04 | Time 197s
