
      5 Local(w=128)  3.0x   0.973   0.665   0.964   0.798
      6 Global        1.2x   0.960   0.862   0.973   0.792
      7 Local(w=128)  1.2x   0.969   0.670   0.965   0.770
      8 Global        1.2x   0.961   0.589   0.951   0.722
      9 Local(w=128)  1.2x   0.941   0.749   0.948   0.709
     10 Global        1.2x   0.927   1.052   0.979   0.765
     11 Local(w=128)  1.2x   0.982   0.752   0.982   0.784
     12 Global        1.2x   0.983   0.657   0.977   0.742
     13 Local(w=128)  1.2x   0.969   0.889   0.969   0.789
     14 Global        1.2x   0.981   0.787   0.986   0.798
     15 Local(w=128)  1.2x   0.992   0.700   0.988   0.816
     16 Global        1.2x   0.981   0.817   0.984   0.810
     17 Local(w=128)  1.2x   0.987   0.735   0.987   0.820
     18 Global        1.2x   0.986   0.682   0.981   0.819
     19 Local(w=128)  1.2x   0.988   0.692   0.981   0.826
     20 Global        1.2x   0.984   0.642   0.976   0.812
     21 Local(w=128)  1.2x   0.981   0.758   0.985   0.801
     22 Global        1.2x   0.991   0.635   0.974   0.810
     23 Local(w=128)  1.2x   0.977   0.695   0.974   0.792
     24 Global        1.2x   0.981   0.670   0.973   0.787
     25 Local(w=128)  1.2x   0.974   0.626   0.964   0.764
     26 Global        1.2x   0.963   0.571   0.948   0.734
     27 Local(w=128)  3.0x   0.950   0.515   0.922   0.689
     28 Global        3.0x   0.937   0.494   0.908   0.666
     29 Global        3.0x   0.939   0.492   0.892   0.621


Training completed: 2439s

======================================================================
[RESULTS] Sandwich MLP + QAT + mHC
======================================================================
  Val Loss: 3.8706
  Val BPB:  1.5215
  Params:   31.82M (Ternary: 28.65M, FP32: 3.17M)
  Quantized Size: 18.34 MB
  vs Baseline (1.5025): +1.27%
  vs Sandwich FP32 (1.4833): +2.58%
  vs Alt-A mHC-scratch Uniform (1.4777): +2.97%
======================================================================

[FINAL mHC PARAMETERS]
  Layer Type           MLP  a_attn  b_attn   a_mlp   b_mlp
  ------------------------------------------------------------
      0 Global        3.0x   1.225   0.197   1.199   0.950
      1 Local(w=128)  3.0x   0.980   0.829   1.027   0.776
      2 Global        3.0x   1.001   0.745   0.999   0.760
      3 Local(w=128)  3.0x   0.976   0.831   0.994   0.799
      4 Global        3.0x   0.982   0.741   0.978   0.810
      5 Local(w=128)  3.0x   0.973   0.665   0.964   0.798
      6 Global        1.2x   0.960   0.862   0.973   0.792
      7 Local(w=128)  1.2x   0.969   0.670   0.965   0.770
      8 Global        1.2x   0.961   0.589   0.951   0.722
      9 Local(w=128)  1.2x   0.941   0.749   0.948   0.709
     10 Global        1.2x   0.927   1.052   0.979   0.765
     11 Local(w=128)  1.2x   0.982   0.752   0.982   0.784
     12 Global        1.2x   0.983   0.657   0.977   0.742
     13 Local(w=128)  1.2x   0.969   0.889   0.969   0.789
     14 Global        1.2x   0.981   0.787   0.986   0.798
     15 Local(w=128)  1.2x   0.992   0.700   0.988   0.816
     16 Global        1.2x   0.981   0.817   0.984   0.810
     17 Local(w=128)  1.2x   0.987   0.735   0.987   0.820
     18 Global        1.2x   0.986   0.682   0.981   0.819
     19 Local(w=128)  1.2x   0.988   0.692   0.981   0.826
     20 Global        1.2x   0.984   0.642   0.976   0.812
     21 Local(w=128)  1.2x   0.981   0.758   0.985   0.801
     22 Global        1.2x   0.991   0.635   0.974   0.810
     23 Local(w=128)  1.2x   0.977   0.695   0.974   0.792
     24 Global        1.2x   0.981   0.670   0.973   0.787
     25 Local(w=128)  1.2x   0.974   0.626   0.964   0.764
     26 Global        1.2x   0.963   0.571   0.948   0.734
     27 Local(w=128)  3.0x   0.950   0.515   0.922   0.689
     28 Global        3.0x   0.937   0.494   0.908   0.666
     29 Global        3.0x   0.939   0.492   0.892   0.621

[SAVED] Results: /data/checkpoints/sandwich_qat_30l/sandwich_qat_30l_bpb1.5215.json
[SAVED] Checkpoint: /data/checkpoints/sandwich_qat_30l/sandwich_qat_30l_step5000.pt
