      6 Global        1.2x   0.947   0.730   0.952   0.671
      7 Local(w=128)  1.2x   0.922   1.067   0.959   0.737
      8 Global        1.2x   0.956   0.916   0.993   0.764
      9 Local(w=128)  1.2x   0.997   0.644   0.989   0.798
     10 Global        1.2x   0.983   0.623   0.972   0.774
     11 Local(w=128)  1.2x   0.963   0.847   0.979   0.771
     12 Global        1.2x   0.982   0.713   0.981   0.777
     13 Local(w=128)  1.2x   0.988   0.690   0.984   0.788
     14 Global        1.2x   0.984   0.692   0.972   0.792
     15 Local(w=128)  1.2x   0.972   0.670   0.962   0.765
     16 Global        1.2x   0.961   0.614   0.943   0.731
     17 Local(w=128)  3.0x   0.943   0.671   0.924   0.687
     18 Global        3.0x   0.929   0.576   0.904   0.665
     19 Global        3.0x   0.925   0.560   0.883   0.632


Training completed: 1670s

======================================================================
[RESULTS] Sandwich MLP + QAT + mHC
======================================================================
  Val Loss: 3.8973
  Val BPB:  1.5321
  Params:   22.79M (Ternary: 19.63M, FP32: 3.16M)
  Quantized Size: 16.52 MB
  vs Baseline (1.5025): +1.97%
  vs Sandwich FP32 (1.4833): +3.29%
  vs Alt-A mHC-scratch Uniform (1.4777): +3.68%
======================================================================

[FINAL mHC PARAMETERS]
  Layer Type           MLP  a_attn  b_attn   a_mlp   b_mlp
  ------------------------------------------------------------
      0 Global        3.0x   1.251   0.183   1.264   0.870
      1 Local(w=128)  3.0x   0.925   0.808   0.986   0.864
      2 Global        3.0x   0.987   0.591   0.952   0.854
      3 Local(w=128)  3.0x   0.960   0.664   0.949   0.837
      4 Global        1.2x   0.960   0.742   0.963   0.800
      5 Local(w=128)  1.2x   0.957   0.660   0.952   0.749
      6 Global        1.2x   0.947   0.730   0.952   0.671
      7 Local(w=128)  1.2x   0.922   1.067   0.959   0.737
      8 Global        1.2x   0.956   0.916   0.993   0.764
      9 Local(w=128)  1.2x   0.997   0.644   0.989   0.798
     10 Global        1.2x   0.983   0.623   0.972   0.774
     11 Local(w=128)  1.2x   0.963   0.847   0.979   0.771
     12 Global        1.2x   0.982   0.713   0.981   0.777
     13 Local(w=128)  1.2x   0.988   0.690   0.984   0.788
     14 Global        1.2x   0.984   0.692   0.972   0.792
     15 Local(w=128)  1.2x   0.972   0.670   0.962   0.765
     16 Global        1.2x   0.961   0.614   0.943   0.731
     17 Local(w=128)  3.0x   0.943   0.671   0.924   0.687
     18 Global        3.0x   0.929   0.576   0.904   0.665
     19 Global        3.0x   0.925   0.560   0.883   0.632

[SAVED] Results: /data/checkpoints/sandwich_qat/sandwich_qat_bpb1.5321.json
[SAVED] Checkpoint: /data/checkpoints/sandwich_qat/sandwich_qat_step5000.pt
