✓ Initialized. View run at 
https://modal.com/apps/elarweis/main/ap-7sidTDFlA8cNEChmOZc2sH
✓ Created objects.
├── 🔨 Created mount /private/tmp/parameter-golf-solution/modal_mhc_v2.py
└── 🔨 Created function train_mhc_v2.
======================================================================
mHC v2 双参数实验: y = α*x + β*layer_out
======================================================================
======================================================================
mHC v2 双参数实验: y = α*x + β*layer_out
======================================================================

加载数据...
  Train: 500.0M tokens
  Val: 40.5M tokens

模型: 23.96M params
mHC 参数: 44 (每层 α_attn, β_attn, α_mlp, β_mlp)

🚀 开始训练 (5000 steps)...
   每 500 步记录 α/β 值

Step 500/5000 | Loss 4.9692 | LR 9.84e-04 | Time 119s
Step 1000/5000 | Loss 4.4768 | LR 9.19e-04 | Time 238s
Step 1500/5000 | Loss 4.3065 | LR 8.12e-04 | Time 358s
Step 2000/5000 | Loss 4.1763 | LR 6.73e-04 | Time 478s
Step 2500/5000 | Loss 4.0736 | LR 5.16e-04 | Time 598s
Step 3000/5000 | Loss 3.9837 | LR 3.58e-04 | Time 718s
Step 3500/5000 | Loss 3.9622 | LR 2.14e-04 | Time 838s
Step 4000/5000 | Loss 3.8576 | LR 9.93e-05 | Time 958s
Step 4500/5000 | Loss 3.8068 | LR 2.55e-05 | Time 1078s
Step 5000/5000 | Loss 3.7868 | LR 0.00e+00 | Time 1198s

训练完成: 1198s

======================================================================
最终学习到的 α/β 值 (y = α*x + β*layer_out)
======================================================================
Layer      α_attn   β_attn    α_mlp    β_mlp | α+β (attn)  α+β (mlp)
----------------------------------------------------------------------
Layer 0     1.074    0.265    1.049    0.589 |      1.339      1.638
Layer 1     1.021    0.373    1.000    0.692 |      1.395      1.692
Layer 2     0.975    0.645    0.972    0.757 |      1.620      1.729
Layer 3     0.953    0.695    0.947    0.801 |      1.648      1.748
Layer 4     0.939    0.569    0.925    0.764 |      1.508      1.689
Layer 5     0.917    0.659    0.907    0.676 |      1.576      1.582
Layer 6     0.886    0.801    0.875    0.626 |      1.687      1.501
Layer 7     0.848    1.092    0.920    0.683 |      1.940      1.603
Layer 8     0.910    0.759    0.904    0.670 |      1.669      1.574
Layer 9     0.891    0.824    0.901    0.661 |      1.715      1.563
Layer 10    0.889    0.825    0.901    0.650 |      1.714      1.551

======================================================================
层级趋势分析
======================================================================

Attention:
  浅层 (0-3):  α=1.006, β=0.495
  深层 (7-10): α=0.884, β=0.875

MLP:
  浅层 (0-3):  α=0.992, β=0.710
  深层 (7-10): α=0.907, β=0.666

======================================================================
🏆 结果 (mHC v2)
======================================================================
  模型: 11 layers, dim=416
  参数: 23.96M

  Val Loss: 3.8583
  Val BPB:  1.5167
======================================================================


🏁 BPB: 1.5167
💾 保存: /data/checkpoints/mhc_v2_bpb1.5167.pt
Stopping app - local entrypoint completed.
✓ App completed. View run at 
https://modal.com/apps/elarweis/main/ap-7sidTDFlA8cNEChmOZc2sH
