✓ Initialized. View run at 
https://modal.com/apps/elarweis/main/ap-aXxWBYaxeNHNM0gz3tXE6H
✓ Created objects.
├── 🔨 Created mount /private/tmp/parameter-golf-solution/modal_mhc_v2_deep.py
└── 🔨 Created function train_mhc_v2_deep.
======================================================================
mHC v2 深层模型研究: 20 层
======================================================================
======================================================================
mHC v2 深层模型研究: 20 层, dim=384
======================================================================

加载数据...
  Train: 500.0M tokens
  Val: 40.5M tokens

模型: 32.85M params, 20 layers, dim=384

🚀 开始训练 (5000 steps)...

Step 500/5000 | Loss 4.9574 | LR 9.84e-04 | Time 185s
Step 1000/5000 | Loss 4.4520 | LR 9.19e-04 | Time 369s
Step 1500/5000 | Loss 4.2903 | LR 8.12e-04 | Time 553s
Step 2000/5000 | Loss 4.1509 | LR 6.73e-04 | Time 737s
Step 2500/5000 | Loss 4.0433 | LR 5.16e-04 | Time 922s
Step 3000/5000 | Loss 3.9423 | LR 3.58e-04 | Time 1106s
Step 3500/5000 | Loss 3.9229 | LR 2.14e-04 | Time 1290s
Step 4000/5000 | Loss 3.8261 | LR 9.93e-05 | Time 1474s
Step 4500/5000 | Loss 3.7673 | LR 2.55e-05 | Time 1659s
Step 5000/5000 | Loss 3.7572 | LR 0.00e+00 | Time 1843s

训练完成: 1843s

================================================================================
20 层模型: 学习到的 α/β 值
================================================================================
Layer      α_attn   β_attn    α_mlp    β_mlp |  α+β(attn)   α+β(mlp)
--------------------------------------------------------------------------------
Layer 0     1.120    0.278    1.096    0.559 |      1.398      1.655
Layer 1     1.066    0.383    1.051    0.694 |      1.450      1.746
Layer 2     1.031    0.376    1.014    0.734 |      1.407      1.748
Layer 3     0.995    0.873    1.019    0.843 |      1.869      1.862
Layer 4     1.014    0.616    1.006    0.864 |      1.630      1.869
Layer 5     1.003    0.528    0.990    0.851 |      1.531      1.841
Layer 6     0.988    0.519    0.976    0.822 |      1.507      1.797
Layer 7     0.973    0.533    0.963    0.788 |      1.506      1.751
Layer 8     0.959    0.662    0.952    0.746 |      1.621      1.698
Layer 9     0.944    0.930    0.956    0.784 |      1.873      1.740
Layer 10    0.952    0.690    0.948    0.743 |      1.643      1.691
Layer 11    0.946    0.795    0.950    0.702 |      1.741      1.652
Layer 12    0.943    0.757    0.945    0.678 |      1.700      1.623
Layer 13    0.940    0.793    0.942    0.680 |      1.734      1.622
Layer 14    0.935    0.760    0.933    0.697 |      1.694      1.630
Layer 15    0.927    0.733    0.921    0.678 |      1.660      1.598
Layer 16    0.914    0.761    0.902    0.677 |      1.675      1.579
Layer 17    0.886    0.854    0.891    0.615 |      1.740      1.506
Layer 18    0.867    0.818    0.874    0.583 |      1.685      1.457
Layer 19    0.825    1.049    0.922    0.627 |      1.874      1.549

================================================================================
层级分析 (20层)
================================================================================

浅层 (0-4):
  Attention: α=1.045, β=0.505
  MLP:       α=1.037, β=0.739

中浅层 (5-9):
  Attention: α=0.973, β=0.634
  MLP:       α=0.967, β=0.798

中深层 (10-14):
  Attention: α=0.943, β=0.759
  MLP:       α=0.944, β=0.700

深层 (15-19):
  Attention: α=0.884, β=0.843
  MLP:       α=0.902, β=0.636

峰值位置:
  β_attn 峰值: Layer 19 = 1.049
  β_mlp 峰值:  Layer 4 = 0.864

================================================================================
🏆 结果
================================================================================
  模型: 20 layers, dim=384
  参数: 32.85M
  Val Loss: 3.8222
  Val BPB:  1.5025
================================================================================

🏁 BPB: 1.5025
🏁 β_attn 峰值: Layer 19
🏁 β_mlp 峰值: Layer 4
Stopping app - local entrypoint completed.
✓ App completed. View run at 
https://modal.com/apps/elarweis/main/ap-aXxWBYaxeNHNM0gz3tXE6H
