
     24 Global        1.2x   0.877   0.008   0.859   0.083
     25 Local(w=128)  1.2x   0.880   0.006   0.865   0.068
     26 Global        1.2x   0.899   0.005   0.877   0.056
     27 Local(w=128)  1.2x   0.912   0.003   0.872   0.049
     28 Global        1.2x   0.943   0.003   0.874   0.049
     29 Global        1.2x   1.295   0.003   1.223   0.061


Training completed: 21837s

======================================================================
[RESULTS] Sandwich MLP + QAT + mHC
======================================================================
  Val Loss: 3.5118
  Val BPB:  1.3805
  Params:   37.64M (Ternary: 33.94M, FP32: 3.70M)
  Quantized Size: 21.49 MB
  vs Baseline (1.5025): -8.12%
  vs Sandwich FP32 (1.4833): -6.93%
  vs Alt-A mHC-scratch Uniform (1.4777): -6.58%
======================================================================

[FINAL mHC PARAMETERS]
  Layer Type           MLP  a_attn  b_attn   a_mlp   b_mlp
  ------------------------------------------------------------
      0 Global        3.0x   0.575   0.040   1.401   0.563
      1 Local(w=128)  3.0x   0.711   0.119   0.777   0.522
      2 Global        1.2x   0.796   0.103   0.809   0.492
      3 Local(w=128)  1.2x   0.825   0.067   0.835   0.447
      4 Global        1.2x   0.853   0.034   0.857   0.385
      5 Local(w=128)  1.2x   0.881   0.034   0.905   0.346
      6 Global        1.2x   0.899   0.037   0.901   0.326
      7 Local(w=128)  1.2x   0.916   0.032   0.925   0.311
      8 Global        1.2x   0.930   0.029   0.936   0.298
      9 Local(w=128)  1.2x   0.936   0.026   0.943   0.288
     10 Global        1.2x   0.944   0.027   0.945   0.272
     11 Local(w=128)  1.2x   0.949   0.023   0.951   0.259
     12 Global        1.2x   0.950   0.023   0.991   0.232
     13 Local(w=128)  1.2x   0.933   0.019   0.948   0.209
     14 Global        1.2x   0.880   0.026   0.892   0.197
     15 Local(w=128)  1.2x   0.972   0.019   0.994   0.215
     16 Global        1.2x   0.996   0.020   0.970   0.202
     17 Local(w=128)  1.2x   0.920   0.022   0.899   0.190
     18 Global        1.2x   0.938   0.021   0.924   0.181
     19 Local(w=128)  1.2x   0.917   0.018   0.935   0.166
     20 Global        1.2x   0.925   0.017   0.925   0.154
     21 Local(w=128)  1.2x   0.923   0.013   0.915   0.137
     22 Global        1.2x   0.922   0.012   0.900   0.123
     23 Local(w=128)  1.2x   0.876   0.008   0.872   0.102
     24 Global        1.2x   0.877   0.008   0.859   0.083
     25 Local(w=128)  1.2x   0.880   0.006   0.865   0.068
     26 Global        1.2x   0.899   0.005   0.877   0.056
     27 Local(w=128)  1.2x   0.912   0.003   0.872   0.049
     28 Global        1.2x   0.943   0.003   0.874   0.049
     29 Global        1.2x   1.295   0.003   1.223   0.061

[SAVED] Results: /data/checkpoints/sandwich_qat_30l_dim448/sandwich_qat_30l_dim448_bpb1.3805.json
[SAVED] Checkpoint: /data/checkpoints/sandwich_qat_30l_dim448/sandwich_qat_30l_dim448_step40000.pt
